0 info it worked if it ends with ok
1 verbose cli [ 'node', '/usr/local/bin/npm', 'restart' ]
2 info using npm@2.5.1
3 info using node@v0.12.0
4 verbose node symlink /usr/local/bin/node
5 verbose run-script [ 'prerestart',
5 verbose run-script   'prestop',
5 verbose run-script   'stop',
5 verbose run-script   'poststop',
5 verbose run-script   'restart',
5 verbose run-script   'prestart',
5 verbose run-script   'start',
5 verbose run-script   'poststart',
5 verbose run-script   'postrestart' ]
6 info prerestart zzz@
7 info prestop zzz@
8 info stop zzz@
9 info poststop zzz@
10 info restart zzz@
11 verbose unsafe-perm in lifecycle true
12 info zzz@ Failed to exec restart script
13 verbose stack Error: zzz@ restart: `meteor restart`
13 verbose stack Exit status 1
13 verbose stack     at EventEmitter.<anonymous> (/usr/local/lib/node_modules/npm/lib/utils/lifecycle.js:213:16)
13 verbose stack     at EventEmitter.emit (events.js:110:17)
13 verbose stack     at ChildProcess.<anonymous> (/usr/local/lib/node_modules/npm/lib/utils/spawn.js:14:12)
13 verbose stack     at ChildProcess.emit (events.js:110:17)
13 verbose stack     at maybeClose (child_process.js:1008:16)
13 verbose stack     at Process.ChildProcess._handle.onexit (child_process.js:1080:5)
14 verbose pkgid zzz@
15 verbose cwd /Users/davidhurley1/Desktop/meteor projects/zzz
16 error Darwin 14.4.0
17 error argv "node" "/usr/local/bin/npm" "restart"
18 error node v0.12.0
19 error npm  v2.5.1
20 error code ELIFECYCLE
21 error zzz@ restart: `meteor restart`
21 error Exit status 1
22 error Failed at the zzz@ restart script 'meteor restart'.
22 error This is most likely a problem with the zzz package,
22 error not with npm itself.
22 error Tell the author that this fails on your system:
22 error     meteor restart
22 error You can get their info via:
22 error     npm owner ls zzz
22 error There is likely additional logging output above.
23 verbose exit [ 1, true ]
